<?xml version="1.0" encoding="UTF-8"?>
<!-- Generated by org.testng.reporters.JUnitReportReporter -->
<testsuite hostname="LAPTOP-Q1BNFUK8" failures="0" tests="2" name="tests.StockTest" time="9.200" errors="0" timestamp="2025-02-09T17:17:35 IST" skipped="0">
  <testcase classname="tests.StockTest" name="testStockInformation" time="0.007"/>
  <system-out/>
  <testcase classname="tests.StockTest" name="verifyStockInformation" time="9.193"/>
  <system-out/>
</testsuite> <!-- tests.StockTest -->
